# JRE version: OpenJDK Runtime Environment (8.0_45-b14) (build 1.8.0_45-internal-b14)
# Java VM: OpenJDK 64-Bit Server VM (25.45-b02 mixed mode linux-amd64 compressed oops)
Heap:
 PSYoungGen      total 581120K, used 250036K [0x000000076c780000, 0x0000000791800000, 0x00000007c0000000)
  eden space 563200K, 44% used [0x000000076c780000,0x000000077ba753a0,0x000000078ed80000)
  from space 17920K, 6% used [0x000000078ff80000,0x00000007900b8000,0x0000000791100000)
  to   space 18432K, 0% used [0x000000078ed80000,0x000000078ed80000,0x000000078ff80000)
 ParOldGen       total 235520K, used 43711K [0x00000006c5600000, 0x00000006d3c00000, 0x000000076c780000)
  object space 235520K, 18% used [0x00000006c5600000,0x00000006c80affe0,0x00000006d3c00000)
 Metaspace       used 44296K, capacity 62926K, committed 63272K, reserved 1093632K
  class space    used 13438K, capacity 19913K, committed 20008K, reserved 1048576K
GC Heap History (10 events):
Event: 49.991 GC heap before
{Heap before GC invocations=13 (full 2):
 PSYoungGen      total 415744K, used 415651K [0x000000076c780000, 0x0000000788f80000, 0x00000007c0000000)
  eden space 410112K, 100% used [0x000000076c780000,0x0000000785800000,0x0000000785800000)
  from space 5632K, 98% used [0x0000000788a00000,0x0000000788f68c10,0x0000000788f80000)
  to   space 14848K, 0% used [0x0000000787280000,0x0000000787280000,0x0000000788100000)
 ParOldGen       total 161280K, used 25864K [0x00000006c5600000, 0x00000006cf380000, 0x000000076c780000)
  object space 161280K, 16% used [0x00000006c5600000,0x00000006c6f42198,0x00000006cf380000)
 Metaspace       used 39806K, capacity 55658K, committed 55848K, reserved 1087488K
  class space    used 11853K, capacity 17351K, committed 17448K, reserved 1048576K
Event: 50.010 GC heap after
Heap after GC invocations=13 (full 2):
 PSYoungGen      total 452096K, used 11145K [0x000000076c780000, 0x000000078cb00000, 0x00000007c0000000)
  eden space 437248K, 0% used [0x000000076c780000,0x000000076c780000,0x0000000787280000)
  from space 14848K, 75% used [0x0000000787280000,0x0000000787d62638,0x0000000788100000)
  to   space 15360K, 0% used [0x000000078bc00000,0x000000078bc00000,0x000000078cb00000)
 ParOldGen       total 161280K, used 25872K [0x00000006c5600000, 0x00000006cf380000, 0x000000076c780000)
  object space 161280K, 16% used [0x00000006c5600000,0x00000006c6f44198,0x00000006cf380000)
 Metaspace       used 39806K, capacity 55658K, committed 55848K, reserved 1087488K
  class space    used 11853K, capacity 17351K, committed 17448K, reserved 1048576K
}
Event: 2360.500 GC heap before
{Heap before GC invocations=14 (full 2):
 PSYoungGen      total 452096K, used 448393K [0x000000076c780000, 0x000000078cb00000, 0x00000007c0000000)
  eden space 437248K, 100% used [0x000000076c780000,0x0000000787280000,0x0000000787280000)
  from space 14848K, 75% used [0x0000000787280000,0x0000000787d62638,0x0000000788100000)
  to   space 15360K, 0% used [0x000000078bc00000,0x000000078bc00000,0x000000078cb00000)
 ParOldGen       total 161280K, used 25872K [0x00000006c5600000, 0x00000006cf380000, 0x000000076c780000)
  object space 161280K, 16% used [0x00000006c5600000,0x00000006c6f44198,0x00000006cf380000)
 Metaspace       used 41465K, capacity 58448K, committed 58664K, reserved 1089536K
  class space    used 12410K, capacity 18353K, committed 18472K, reserved 1048576K
Event: 2360.525 GC heap after
Heap after GC invocations=14 (full 2):
 PSYoungGen      total 509440K, used 15328K [0x000000076c780000, 0x000000078e100000, 0x00000007c0000000)
  eden space 494080K, 0% used [0x000000076c780000,0x000000076c780000,0x000000078aa00000)
  from space 15360K, 99% used [0x000000078bc00000,0x000000078caf8070,0x000000078cb00000)
  to   space 18432K, 0% used [0x000000078aa00000,0x000000078aa00000,0x000000078bc00000)
 ParOldGen       total 161280K, used 29297K [0x00000006c5600000, 0x00000006cf380000, 0x000000076c780000)
  object space 161280K, 18% used [0x00000006c5600000,0x00000006c729c6b0,0x00000006cf380000)
 Metaspace       used 41465K, capacity 58448K, committed 58664K, reserved 1089536K
  class space    used 12410K, capacity 18353K, committed 18472K, reserved 1048576K
}
Event: 3817.956 GC heap before
{Heap before GC invocations=15 (full 2):
 PSYoungGen      total 509440K, used 93124K [0x000000076c780000, 0x000000078e100000, 0x00000007c0000000)
  eden space 494080K, 15% used [0x000000076c780000,0x0000000771379318,0x000000078aa00000)
  from space 15360K, 99% used [0x000000078bc00000,0x000000078caf8070,0x000000078cb00000)
  to   space 18432K, 0% used [0x000000078aa00000,0x000000078aa00000,0x000000078bc00000)
 ParOldGen       total 161280K, used 29297K [0x00000006c5600000, 0x00000006cf380000, 0x000000076c780000)
  object space 161280K, 18% used [0x00000006c5600000,0x00000006c729c6b0,0x00000006cf380000)
 Metaspace       used 41946K, capacity 59152K, committed 59160K, reserved 1089536K
  class space    used 12568K, capacity 18595K, committed 18600K, reserved 1048576K
Event: 3817.971 GC heap after
Heap after GC invocations=15 (full 2):
 PSYoungGen      total 512512K, used 10960K [0x000000076c780000, 0x0000000791100000, 0x00000007c0000000)
  eden space 494080K, 0% used [0x000000076c780000,0x000000076c780000,0x000000078aa00000)
  from space 18432K, 59% used [0x000000078aa00000,0x000000078b4b4070,0x000000078bc00000)
  to   space 17920K, 0% used [0x000000078ff80000,0x000000078ff80000,0x0000000791100000)
 ParOldGen       total 161280K, used 34225K [0x00000006c5600000, 0x00000006cf380000, 0x000000076c780000)
  object space 161280K, 21% used [0x00000006c5600000,0x00000006c776c6c0,0x00000006cf380000)
 Metaspace       used 41946K, capacity 59152K, committed 59160K, reserved 1089536K
  class space    used 12568K, capacity 18595K, committed 18600K, reserved 1048576K
}
Event: 3817.971 GC heap before
{Heap before GC invocations=16 (full 3):
 PSYoungGen      total 512512K, used 10960K [0x000000076c780000, 0x0000000791100000, 0x00000007c0000000)
  eden space 494080K, 0% used [0x000000076c780000,0x000000076c780000,0x000000078aa00000)
  from space 18432K, 59% used [0x000000078aa00000,0x000000078b4b4070,0x000000078bc00000)
  to   space 17920K, 0% used [0x000000078ff80000,0x000000078ff80000,0x0000000791100000)
 ParOldGen       total 161280K, used 34225K [0x00000006c5600000, 0x00000006cf380000, 0x000000076c780000)
  object space 161280K, 21% used [0x00000006c5600000,0x00000006c776c6c0,0x00000006cf380000)
 Metaspace       used 41946K, capacity 59152K, committed 59160K, reserved 1089536K
  class space    used 12568K, capacity 18595K, committed 18600K, reserved 1048576K
Event: 3818.259 GC heap after
Heap after GC invocations=16 (full 3):
 PSYoungGen      total 512512K, used 0K [0x000000076c780000, 0x0000000791100000, 0x00000007c0000000)
  eden space 494080K, 0% used [0x000000076c780000,0x000000076c780000,0x000000078aa00000)
  from space 18432K, 0% used [0x000000078aa00000,0x000000078aa00000,0x000000078bc00000)
  to   space 17920K, 0% used [0x000000078ff80000,0x000000078ff80000,0x0000000791100000)
 ParOldGen       total 235520K, used 43703K [0x00000006c5600000, 0x00000006d3c00000, 0x000000076c780000)
  object space 235520K, 18% used [0x00000006c5600000,0x00000006c80adfe0,0x00000006d3c00000)
 Metaspace       used 41414K, capacity 58256K, committed 59160K, reserved 1089536K
  class space    used 12398K, capacity 18307K, committed 18600K, reserved 1048576K
}
Event: 11515.057 GC heap before
{Heap before GC invocations=17 (full 3):
 PSYoungGen      total 512512K, used 494080K [0x000000076c780000, 0x0000000791100000, 0x00000007c0000000)
  eden space 494080K, 100% used [0x000000076c780000,0x000000078aa00000,0x000000078aa00000)
  from space 18432K, 0% used [0x000000078aa00000,0x000000078aa00000,0x000000078bc00000)
  to   space 17920K, 0% used [0x000000078ff80000,0x000000078ff80000,0x0000000791100000)
 ParOldGen       total 235520K, used 43703K [0x00000006c5600000, 0x00000006d3c00000, 0x000000076c780000)
  object space 235520K, 18% used [0x00000006c5600000,0x00000006c80adfe0,0x00000006d3c00000)
 Metaspace       used 43206K, capacity 61152K, committed 61352K, reserved 1091584K
  class space    used 13034K, capacity 19299K, committed 19368K, reserved 1048576K
Event: 11515.064 GC heap after
Heap after GC invocations=17 (full 3):
 PSYoungGen      total 581120K, used 1248K [0x000000076c780000, 0x0000000791800000, 0x00000007c0000000)
  eden space 563200K, 0% used [0x000000076c780000,0x000000076c780000,0x000000078ed80000)
  from space 17920K, 6% used [0x000000078ff80000,0x00000007900b8000,0x0000000791100000)
  to   space 18432K, 0% used [0x000000078ed80000,0x000000078ed80000,0x000000078ff80000)
 ParOldGen       total 235520K, used 43711K [0x00000006c5600000, 0x00000006d3c00000, 0x000000076c780000)
  object space 235520K, 18% used [0x00000006c5600000,0x00000006c80affe0,0x00000006d3c00000)
 Metaspace       used 43206K, capacity 61152K, committed 61352K, reserved 1091584K
  class space    used 13034K, capacity 19299K, committed 19368K, reserved 1048576K
}

